<?xml version="1.0" encoding="UTF-8"?>
<!-- Generated by org.testng.reporters.JUnitReportReporter -->
<testsuite hostname="DESKTOP-J7V7KI8" name="TestNGDailyPractice.Practice" tests="1" failures="0" timestamp="22 Apr 2022 03:17:29 GMT" time="14.787" errors="0">
  <testcase name="tc" time="14.787" classname="TestNGDailyPractice.Practice"/>
</testsuite> <!-- TestNGDailyPractice.Practice -->
