<?xml version="1.0" encoding="UTF-8"?>
<!-- Generated by org.testng.reporters.JUnitReportReporter -->
<testsuite hostname="DESKTOP-NAVEEN" name="TestNGDailyPractice.ManualFail" tests="3" failures="0" timestamp="26 Apr 2022 04:05:07 GMT" time="0.019" errors="0">
  <testcase name="tc3" time="0.005" classname="TestNGDailyPractice.ManualFail"/>
  <testcase name="tc1" time="0.012" classname="TestNGDailyPractice.ManualFail"/>
  <testcase name="tc2" time="0.002" classname="TestNGDailyPractice.ManualFail"/>
</testsuite> <!-- TestNGDailyPractice.ManualFail -->
