<?xml version="1.0" encoding="UTF-8"?>
<!-- Generated by org.testng.reporters.JUnitReportReporter -->
<testsuite hostname="DESKTOP-NAVEEN" name="TestNGPractice.Group" tests="2" failures="0" timestamp="26 Apr 2022 03:58:19 GMT" time="0.013" errors="0">
  <testcase name="tc2" time="0.002" classname="TestNGPractice.Group"/>
  <testcase name="tc1" time="0.011" classname="TestNGPractice.Group"/>
</testsuite> <!-- TestNGPractice.Group -->
