<?xml version="1.0" encoding="UTF-8"?>
<!-- Generated by org.testng.reporters.JUnitReportReporter -->
<testsuite hostname="DESKTOP-J7V7KI8" name="DataSample.Simple" tests="4" failures="0" timestamp="8 Apr 2022 08:39:58 GMT" time="46.413" errors="0">
  <testcase name="tc" time="12.069" classname="DataSample.Simple"/>
  <testcase name="tc" time="11.372" classname="DataSample.Simple"/>
  <testcase name="tc" time="11.444" classname="DataSample.Simple"/>
  <testcase name="tc" time="11.528" classname="DataSample.Simple"/>
</testsuite> <!-- DataSample.Simple -->
